<?xml version="1.0" encoding="UTF-8"?>
<!-- Generated by org.testng.reporters.JUnitReportReporter -->
<testsuite hostname="DESKTOP-GMFKMLC" failures="0" tests="1" name="tests.HomePageTest" time="7.669" errors="0" timestamp="2025-05-18T03:06:26 IST" skipped="0">
  <testcase classname="tests.HomePageTest" name="runHomePageTest" time="7.669"/>
</testsuite> <!-- tests.HomePageTest -->
