<?xml version="1.0" encoding="UTF-8"?>
<!-- Generated by org.testng.reporters.JUnitReportReporter -->
<testsuite hostname="DESKTOP-GMFKMLC" failures="0" tests="1" name="tests.AdminEnterMarksTest" time="1.397" errors="0" timestamp="2025-05-18T03:06:26 IST" skipped="0">
  <testcase classname="tests.AdminEnterMarksTest" name="runAdminEnterMarksTest" time="1.397"/>
</testsuite> <!-- tests.AdminEnterMarksTest -->
